[2025-06-01 08:14:22] [INFO] Application started successfully
[2025-06-01 08:14:23] [INFO] Connected to database server db-prod-01
[2025-06-01 08:14:25] [INFO] User authentication service initialized
[2025-06-01 08:15:03] [INFO] User john.doe logged in successfully
[2025-06-01 08:15:47] [INFO] New order #12345 created for customer ID 789
[2025-06-01 08:16:12] [WARNING] Slow query detected (query took 2.3s): SELECT * FROM orders WHERE created_at > '2025-05-01'
[2025-06-01 08:17:45] [INFO] Payment processing started for order #12345
[2025-06-01 08:17:48] [ERROR] Payment gateway timeout after 30s for transaction TX78901234
[2025-06-01 08:17:49] [INFO] Retrying payment for order #12345
[2025-06-01 08:18:01] [INFO] Payment successful for order #12345
[2025-06-01 08:22:14] [INFO] User jane.smith logged in successfully
[2025-06-01 08:23:59] [WARNING] High CPU usage detected: 87%
[2025-06-01 08:25:33] [INFO] File upload started: annual_report.pdf (15.7 MB)
[2025-06-01 08:25:48] [ERROR] Insufficient disk space for file upload
[2025-06-01 08:25:49] [INFO] Cleanup job started for /tmp directory
[2025-06-01 08:26:12] [INFO] Freed 1.2 GB of disk space
[2025-06-01 08:26:14] [INFO] Retrying file upload: annual_report.pdf
[2025-06-01 08:26:29] [INFO] File upload completed successfully
[2025-06-01 08:30:00] [INFO] Scheduled backup job started
[2025-06-01 08:32:13] [CRITICAL] Database connection lost during backup
[2025-06-01 08:32:15] [INFO] Attempting to reconnect to database (attempt 1/3)
[2025-06-01 08:32:45] [INFO] Database connection re-established
[2025-06-01 08:32:46] [INFO] Resuming backup process
[2025-06-01 08:35:22] [INFO] Backup completed successfully
[2025-06-01 08:40:11] [INFO] User robert.johnson logged in successfully
[2025-06-01 08:41:33] [ERROR] Invalid product code: PRD-404-NOTFOUND
[2025-06-01 08:43:15] [INFO] User searching for "wireless headphones"
[2025-06-01 08:45:09] [EXCEPTION] NullPointerException in ProductService.java:156 - Cannot read property 'price' of null
[2025-06-01 08:45:10] [INFO] Error page displayed to user
[2025-06-01 08:45:35] [INFO] Support ticket #T-45678 created for error tracking
[2025-06-01 08:47:22] [FATAL] Out of memory error in recommendation engine
[2025-06-01 08:47:23] [INFO] Restarting recommendation service
[2025-06-01 08:48:05] [INFO] Recommendation service restarted successfully
[2025-06-01 08:50:33] [WARNING] Cache hit ratio below threshold: 68%
[2025-06-01 08:52:41] [INFO] Rebuilding search index
[2025-06-01 08:55:19] [ERROR] Failed to update product #5678 - Database constraint violation
[2025-06-01 08:57:08] [INFO] User mary.williams logged in successfully
[2025-06-01 09:01:45] [INFO] Newsletter scheduled for delivery to 4,582 subscribers
[2025-06-01 09:02:13] [WARNING] Email delivery rate throttled by provider
[2025-06-01 09:04:27] [EXCEPTION] IllegalArgumentException in EmailService.java:78 - Invalid email format for user id 4501
[2025-06-01 09:05:02] [INFO] Skipping email delivery for invalid address
[2025-06-01 09:07:33] [INFO] Newsletter delivery completed (4,581/4,582 successful)
[2025-06-01 09:10:45] [INFO] Starting daily analytics processing
[2025-06-01 09:12:17] [ERROR] Analytics processing failed - Missing data for region EU-WEST
[2025-06-01 09:12:19] [INFO] Sending alert to data engineering team
[2025-06-01 09:15:00] [INFO] User sarah.thompson logged in successfully
[2025-06-01 09:17:22] [CRITICAL] Security alert: Multiple failed login attempts for admin account
[2025-06-01 09:17:23] [INFO] Temporarily locking admin account for security
[2025-06-01 09:17:24] [INFO] Security notification sent to administrator
[2025-06-01 09:20:11] [WARNING] API rate limit approaching for client XYZ-Corp
[2025-06-01 09:22:45] [INFO] Processing batch job #JOB-98765
[2025-06-01 09:25:33] [FATAL] Kernel panic on worker node worker-03
[2025-06-01 09:25:34] [INFO] Redirecting workload to healthy nodes
[2025-06-01 09:25:36] [INFO] Alerting infrastructure team about node failure
[2025-06-01 09:30:00] [INFO] Hourly system health check started
[2025-06-01 09:30:45] [ERROR] Health check failed for service: message-queue
[2025-06-01 09:30:46] [INFO] Attempting to restart message queue service
[2025-06-01 09:31:02] [INFO] Message queue service restarted successfully
[2025-06-01 09:31:05] [INFO] System health check completed with 1 recovered service